\BOOKMARK [1][-]{naslov.1}{\376\377\000N\000a\000s\000l\000o\000v}{}% 1
\BOOKMARK [1][-]{Kazalo.1}{\376\377\000K\000a\000z\000a\000l\000o}{}% 2
\BOOKMARK [1][-]{section.1}{\376\377\0001\000\040\000N\000a\000l\000o\000g\000a}{}% 3
\BOOKMARK [1][-]{section.2}{\376\377\0002\000\040\000O\000p\000i\000s\000\040\0003\000\040\000z\000g\000l\000e\000d\000o\000v\000\040\000z\000a\000\040\000m\000o\000d\000e\000l\000i\000r\000a\000n\000j\000e\000\040\000I\000P\000v\0006\000\040\000o\000m\000r\000e\001\176\000i\000j\000\040\000v\000\040\000I\000N\000E\000T\000\040\000o\000g\000r\000o\000d\000j\000u\000.}{}% 4
\BOOKMARK [2][-]{subsection.2.1}{\376\377\0002\000.\0001\000\040\000P\000v\0006\000N\000C\000l\000i\000e\000n\000t\000s}{section.2}% 5
\BOOKMARK [2][-]{subsection.2.2}{\376\377\0002\000.\0002\000\040\000I\000P\000v\0006\000B\000u\000l\000k}{section.2}% 6
\BOOKMARK [2][-]{subsection.2.3}{\376\377\0002\000.\0003\000\040\000N\000c\000l\000i\000e\000n\000t\000s}{section.2}% 7
\BOOKMARK [3][-]{subsubsection.2.3.1}{\376\377\0002\000.\0003\000.\0001\000\040\000N\000C\000l\000i\000e\000n\000t\000s\000E\000t\000h}{subsection.2.3}% 8
\BOOKMARK [3][-]{subsubsection.2.3.2}{\376\377\0002\000.\0003\000.\0002\000\040\000N\000C\000l\000i\000e\000n\000t\000P\000P\000P}{subsection.2.3}% 9
\BOOKMARK [1][-]{section.3}{\376\377\0003\000\040\000P\000o\000d\000r\000o\000b\000n\000a\000\040\000a\000n\000a\000l\000i\000z\000a\000\040\000e\000n\000e\000g\000a\000\040\000o\000d\000\040\000z\000g\000l\000e\000d\000o\000v}{}% 10
\BOOKMARK [1][-]{section.4}{\376\377\0004\000\040\000P\000o\000d\000r\000o\000b\000e\000n\000\040\000o\000p\000i\000s\000\040\000r\000a\000z\000p\000o\000l\000o\001\176\000l\000j\000i\000v\000i\000h\000\040\000g\000r\000a\000d\000n\000i\000k\000o\000v\000\040\000I\000N\000E\000T\000\040\000o\000g\000r\000o\000d\000j\000a}{}% 11
\BOOKMARK [2][-]{subsection.4.1}{\376\377\0004\000.\0001\000\040\000N\000e\000t\000w\000o\000r\000k\000L\000a\000y\000e\000r\0006}{section.4}% 12
\BOOKMARK [2][-]{subsection.4.2}{\376\377\0004\000.\0002\000\040\000R\000o\000u\000t\000i\000n\000g\000T\000a\000b\000l\000e\0006}{section.4}% 13
\BOOKMARK [2][-]{subsection.4.3}{\376\377\0004\000.\0003\000\040\000I\000n\000t\000e\000r\000f\000a\000c\000e\000T\000a\000b\000l\000e}{section.4}% 14
\BOOKMARK [2][-]{subsection.4.4}{\376\377\0004\000.\0004\000\040\000N\000o\000t\000i\000f\000i\000c\000a\000t\000i\000o\000n\000\040\000B\000o\000a\000r\000d}{section.4}% 15
\BOOKMARK [1][-]{section.5}{\376\377\0005\000\040\000P\000o\000s\000t\000a\000v\000i\000t\000e\000v\000\040\0004\000\040\000m\000o\000d\000e\000l\000o\000v\000\040\000o\000m\000r\000e\001\176\000i\000j}{}% 16
\BOOKMARK [2][-]{subsection.5.1}{\376\377\0005\000.\0001\000\040\000D\000r\000e\000v\000e\000s\000n\000a\000\040\000t\000o\000p\000o\000l\000o\000g\000i\000j\000a\000\040\000\050\000t\000r\000e\000e\000\040\000t\000o\000p\000o\000l\000o\000g\000y\000\051}{section.5}% 17
\BOOKMARK [2][-]{subsection.5.2}{\376\377\0005\000.\0002\000\040\000Z\000v\000e\000z\000n\000a\000\040\000t\000o\000p\000o\000l\000o\000g\000i\000j\000a\000\040\000\050\000s\000t\000a\000r\000\040\000t\000o\000p\000o\000l\000o\000g\000y\000\051}{section.5}% 18
\BOOKMARK [2][-]{subsection.5.3}{\376\377\0005\000.\0003\000\040\000O\000b\000r\000o\001\015\000n\000a\000\040\000t\000o\000p\000o\000l\000o\000g\000i\000j\000a\000\040\000\050\000s\000t\000a\000r\000\040\000t\000o\000p\000o\000l\000o\000g\000y\000\051}{section.5}% 19
\BOOKMARK [2][-]{subsection.5.4}{\376\377\0005\000.\0004\000\040\000T\000o\000p\000o\000l\000o\000g\000i\000j\000a\000\040\000v\000o\000d\000i\000l\000a\000\040\000\050\000b\000u\000s\000\040\000t\000o\000p\000o\000l\000o\000g\000y\000\051}{section.5}% 20
\BOOKMARK [1][-]{section.6}{\376\377\0006\000\040\000S\000i\000m\000u\000l\000a\000c\000i\000j\000e\000\040\000n\000a\000\040\000p\000o\000s\000t\000a\000v\000l\000j\000e\000n\000i\000h\000\040\000o\000m\000r\000e\001\176\000j\000i\000h}{}% 21
\BOOKMARK [2][-]{subsection.6.1}{\376\377\0006\000.\0001\000\040\000D\000r\000e\000v\000e\000s\000n\000a\000\040\000t\000o\000p\000o\000l\000o\000g\000i\000j\000a}{section.6}% 22
\BOOKMARK [3][-]{subsubsection.6.1.1}{\376\377\0006\000.\0001\000.\0001\000\040\000P\000o\000d\000p\000o\000v\000p\000r\000e\001\015\000n\000a\000\040\000o\000b\000r\000e\000m\000e\000n\000i\000t\000e\000v}{subsection.6.1}% 23
\BOOKMARK [3][-]{subsubsection.6.1.2}{\376\377\0006\000.\0001\000.\0002\000\040\000S\000r\000e\000d\000n\000j\000a\000\040\000o\000b\000r\000e\000m\000e\000n\000i\000t\000e\000v}{subsection.6.1}% 24
\BOOKMARK [3][-]{subsubsection.6.1.3}{\376\377\0006\000.\0001\000.\0003\000\040\000N\000a\000d\000p\000o\000v\000p\000r\000e\001\015\000n\000a\000\040\000o\000b\000r\000e\000m\000e\000n\000i\000t\000e\000v}{subsection.6.1}% 25
\BOOKMARK [2][-]{subsection.6.2}{\376\377\0006\000.\0002\000\040\000T\000o\000p\000o\000l\000o\000g\000i\000j\000a\000\040\000v\000o\000d\000i\000l\000a}{section.6}% 26
\BOOKMARK [3][-]{subsubsection.6.2.1}{\376\377\0006\000.\0002\000.\0001\000\040\000P\000o\000d\000p\000o\000v\000p\000r\000e\001\015\000n\000a\000\040\000o\000b\000r\000e\000m\000e\000n\000i\000t\000e\000v}{subsection.6.2}% 27
\BOOKMARK [3][-]{subsubsection.6.2.2}{\376\377\0006\000.\0002\000.\0002\000\040\000S\000r\000e\000d\000n\000j\000a\000\040\000o\000b\000r\000e\000m\000e\000n\000i\000t\000e\000v}{subsection.6.2}% 28
\BOOKMARK [3][-]{subsubsection.6.2.3}{\376\377\0006\000.\0002\000.\0003\000\040\000N\000a\000d\000p\000o\000v\000p\000r\000e\001\015\000n\000a\000\040\000o\000b\000r\000e\000m\000e\000n\000i\000t\000e\000v}{subsection.6.2}% 29
\BOOKMARK [1][-]{section.7}{\376\377\0007\000\040\000Z\000a\000k\000l\000j\000u\001\015\000e\000k}{}% 30
\BOOKMARK [1][-]{section.8}{\376\377\0008\000\040\000L\000i\000t\000e\000r\000a\000t\000u\000r\000a}{}% 31
